<?xml version="1.0" encoding="UTF-8"?>
<!-- Generated by org.testng.reporters.JUnitReportReporter -->
<testsuite hostname="NanduNikki" failures="0" tests="2" name="testNG.Data_Providers2" time="16.523" errors="0" timestamp="2024-01-23T20:24:20 IST" skipped="0">
  <testcase classname="testNG.Data_Providers2" name="loginTest" time="10.073"/>
  <system-out/>
  <testcase classname="testNG.Data_Providers2" name="loginTest" time="6.450"/>
  <system-out/>
</testsuite> <!-- testNG.Data_Providers2 -->
