<?xml version="1.0" encoding="UTF-8"?>
<!-- Generated by org.testng.reporters.JUnitReportReporter -->
<testsuite hostname="NanduNikki" failures="0" tests="1" name="listeners.Test_Class5" time="0.006" errors="0" timestamp="2024-01-23T20:30:50 IST" skipped="0">
  <testcase classname="listeners.Test_Class5" name="testMethod" time="0.006"/>
  <system-out/>
</testsuite> <!-- listeners.Test_Class5 -->
