<?xml version="1.0" encoding="UTF-8"?>
<!-- Generated by org.testng.reporters.JUnitReportReporter -->
<testsuite hostname="NanduNikki" failures="0" tests="1" name="groupExecution.TestClass4" time="0.005" errors="0" timestamp="2024-01-11T12:54:43 IST" skipped="0">
  <testcase classname="groupExecution.TestClass4" name="demo1" time="0.005"/>
  <system-out/>
</testsuite> <!-- groupExecution.TestClass4 -->
