<?xml version="1.0" encoding="UTF-8"?>
<!-- Generated by org.testng.reporters.JUnitReportReporter -->
<testsuite hostname="NanduNikki" failures="0" tests="3" name="testNG.Disabling_TestScripts" time="0.011" errors="0" timestamp="2024-02-09T16:14:10 IST" skipped="1">
  <testcase classname="testNG.Disabling_TestScripts" name="demo1" time="0.009"/>
  <system-out>
    <![CDATA[demo1]]>
  </system-out>
  <testcase classname="testNG.Disabling_TestScripts" name="demo1" time="0.002"/>
  <system-out>
    <![CDATA[demo1]]>
  </system-out>
  <testcase classname="testNG.Disabling_TestScripts" name="demo2">
    <skipped/>
  </testcase> <!-- demo2 -->
  <system-out/>
</testsuite> <!-- testNG.Disabling_TestScripts -->
