<?xml version="1.0" encoding="UTF-8"?>
<!-- Generated by org.testng.reporters.JUnitReportReporter -->
<testsuite hostname="NanduNikki" failures="0" tests="1" name="testNG.SampleTest" time="0.004" errors="0" timestamp="2024-02-09T16:14:10 IST" skipped="0">
  <testcase classname="testNG.SampleTest" name="demotest" time="0.004"/>
  <system-out>
    <![CDATA[Hello TestNG]]>
  </system-out>
</testsuite> <!-- testNG.SampleTest -->
