<?xml version="1.0" encoding="UTF-8"?>
<!-- Generated by org.testng.reporters.JUnitReportReporter -->
<testsuite hostname="NanduNikki" failures="0" tests="1" name="assertions.HardAssert_Practice" time="0.010" errors="0" timestamp="2024-01-23T19:50:05 IST" skipped="0">
  <testcase classname="assertions.HardAssert_Practice" name="demo" time="0.010"/>
  <system-out/>
</testsuite> <!-- assertions.HardAssert_Practice -->
