<?xml version="1.0" encoding="UTF-8"?>
<!-- Generated by org.testng.reporters.JUnitReportReporter -->
<testsuite hostname="NanduNikki" failures="0" tests="2" name="crossbrowser_ParallelExceution.SwiggyTest" time="113.022" errors="0" timestamp="2024-01-12T13:03:25 IST" skipped="0">
  <testcase classname="crossbrowser_ParallelExceution.SwiggyTest" name="googleTest" time="51.303"/>
  <system-out/>
  <testcase classname="crossbrowser_ParallelExceution.SwiggyTest" name="googleTest" time="61.719"/>
  <system-out/>
</testsuite> <!-- crossbrowser_ParallelExceution.SwiggyTest -->
