<?xml version="1.0" encoding="UTF-8"?>
<!-- Generated by org.testng.reporters.JUnitReportReporter -->
<testsuite hostname="NanduNikki" failures="0" tests="1" name="testNG.TestClass" time="0.011" errors="0" timestamp="2024-02-09T16:14:10 IST" skipped="0">
  <testcase classname="testNG.TestClass" name="testscript" time="0.011"/>
  <system-out/>
</testsuite> <!-- testNG.TestClass -->
