<?xml version="1.0" encoding="UTF-8"?>
<!-- Generated by org.testng.reporters.JUnitReportReporter -->
<testsuite hostname="NanduNikki" failures="0" tests="8" name="testNG.ReRunning_TestScript_UsingSameData" time="0.006" errors="0" timestamp="2024-02-09T16:14:10 IST" skipped="0">
  <testcase classname="testNG.ReRunning_TestScript_UsingSameData" name="demo2" time="0.000"/>
  <system-out>
    <![CDATA[demo2]]>
  </system-out>
  <testcase classname="testNG.ReRunning_TestScript_UsingSameData" name="demo3" time="0.000"/>
  <system-out>
    <![CDATA[demo3]]>
  </system-out>
  <testcase classname="testNG.ReRunning_TestScript_UsingSameData" name="demo7" time="0.001"/>
  <system-out>
    <![CDATA[demo7]]>
  </system-out>
  <testcase classname="testNG.ReRunning_TestScript_UsingSameData" name="demo4" time="0.001"/>
  <system-out>
    <![CDATA[demo4]]>
  </system-out>
  <testcase classname="testNG.ReRunning_TestScript_UsingSameData" name="demo4" time="0.001"/>
  <system-out>
    <![CDATA[demo4]]>
  </system-out>
  <testcase classname="testNG.ReRunning_TestScript_UsingSameData" name="demo2" time="0.000"/>
  <system-out>
    <![CDATA[demo2]]>
  </system-out>
  <testcase classname="testNG.ReRunning_TestScript_UsingSameData" name="demo4" time="0.001"/>
  <system-out>
    <![CDATA[demo4]]>
  </system-out>
  <testcase classname="testNG.ReRunning_TestScript_UsingSameData" name="demo7" time="0.002"/>
  <system-out>
    <![CDATA[demo7]]>
  </system-out>
</testsuite> <!-- testNG.ReRunning_TestScript_UsingSameData -->
