<?xml version="1.0" encoding="UTF-8"?>
<!-- Generated by org.testng.reporters.JUnitReportReporter -->
<testsuite hostname="NanduNikki" failures="0" tests="1" name="listeners.Test_Class6" time="0.007" errors="0" timestamp="2024-01-23T20:31:03 IST" skipped="0">
  <testcase classname="listeners.Test_Class6" name="testMethod" time="0.007"/>
  <system-out/>
</testsuite> <!-- listeners.Test_Class6 -->
