<?xml version="1.0" encoding="UTF-8"?>
<!-- Generated by org.testng.reporters.JUnitReportReporter -->
<testsuite hostname="NanduNikki" failures="0" tests="2" name="groupExecution.TestClass1" time="0.007" errors="0" timestamp="2024-02-09T16:15:49 IST" skipped="0">
  <testcase classname="groupExecution.TestClass1" name="demo2" time="0.006"/>
  <system-out/>
  <testcase classname="groupExecution.TestClass1" name="demo3" time="0.001"/>
  <system-out/>
</testsuite> <!-- groupExecution.TestClass1 -->
