<?xml version="1.0" encoding="UTF-8"?>
<!-- Generated by org.testng.reporters.JUnitReportReporter -->
<testsuite hostname="NanduNikki" failures="0" tests="1" name="distributedParallelExecution.Test1" time="0.006" errors="0" timestamp="2024-01-11T14:10:59 IST" skipped="0">
  <testcase classname="distributedParallelExecution.Test1" name="demo" time="0.006"/>
  <system-out/>
</testsuite> <!-- distributedParallelExecution.Test1 -->
