<?xml version="1.0" encoding="UTF-8"?>
<!-- Generated by org.testng.reporters.JUnitReportReporter -->
<testsuite hostname="NanduNikki" failures="0" tests="3" name="testNG.Data_Providers" time="0.008" errors="0" timestamp="2024-02-09T16:12:37 IST" skipped="0">
  <testcase classname="testNG.Data_Providers" name="bookTicketTest" time="0.002"/>
  <system-out/>
  <testcase classname="testNG.Data_Providers" name="bookTicketTest" time="0.005"/>
  <system-out/>
  <testcase classname="testNG.Data_Providers" name="bookTicketTest" time="0.001"/>
  <system-out/>
</testsuite> <!-- testNG.Data_Providers -->
