<?xml version="1.0" encoding="UTF-8"?>
<!-- Generated by org.testng.reporters.JUnitReportReporter -->
<testsuite hostname="NanduNikki" failures="0" tests="2" name="crossbrowser_ParallelExceution.GoogleTest" time="11.561" errors="0" timestamp="2024-01-12T13:03:25 IST" skipped="0">
  <testcase classname="crossbrowser_ParallelExceution.GoogleTest" name="googleTest" time="6.939"/>
  <system-out/>
  <testcase classname="crossbrowser_ParallelExceution.GoogleTest" name="googleTest" time="4.622"/>
  <system-out/>
</testsuite> <!-- crossbrowser_ParallelExceution.GoogleTest -->
