<?xml version="1.0" encoding="UTF-8"?>
<!-- Generated by org.testng.reporters.JUnitReportReporter -->
<testsuite hostname="NanduNikki" failures="0" tests="1" name="listeners.Test_Class" time="0.008" errors="0" timestamp="2024-01-23T20:26:08 IST" skipped="0">
  <testcase classname="listeners.Test_Class" name="testMethod" time="0.008"/>
  <system-out/>
</testsuite> <!-- listeners.Test_Class -->
