<?xml version="1.0" encoding="UTF-8"?>
<!-- Generated by org.testng.reporters.JUnitReportReporter -->
<testsuite hostname="NanduNikki" failures="0" tests="6" name="testNG.ReRunningTS_Prioritizing" time="0.008" errors="0" timestamp="2024-02-09T16:14:10 IST" skipped="0">
  <testcase classname="testNG.ReRunningTS_Prioritizing" name="demo4" time="0.001"/>
  <system-out>
    <![CDATA[demo4]]>
  </system-out>
  <testcase classname="testNG.ReRunningTS_Prioritizing" name="demo4" time="0.001"/>
  <system-out>
    <![CDATA[demo4]]>
  </system-out>
  <testcase classname="testNG.ReRunningTS_Prioritizing" name="demo4" time="0.003"/>
  <system-out>
    <![CDATA[demo4]]>
  </system-out>
  <testcase classname="testNG.ReRunningTS_Prioritizing" name="demo3" time="0.000"/>
  <system-out>
    <![CDATA[demo3]]>
  </system-out>
  <testcase classname="testNG.ReRunningTS_Prioritizing" name="demo2" time="0.002"/>
  <system-out>
    <![CDATA[demo2]]>
  </system-out>
  <testcase classname="testNG.ReRunningTS_Prioritizing" name="demo2" time="0.001"/>
  <system-out>
    <![CDATA[demo2]]>
  </system-out>
</testsuite> <!-- testNG.ReRunningTS_Prioritizing -->
