<?xml version="1.0" encoding="UTF-8"?>
<!-- Generated by org.testng.reporters.JUnitReportReporter -->
<testsuite hostname="NanduNikki" failures="0" tests="7" name="testNG.Prioritizing_TestScripts" time="0.015" errors="0" timestamp="2024-02-09T16:14:10 IST" skipped="0">
  <testcase classname="testNG.Prioritizing_TestScripts" name="demo7" time="0.002"/>
  <system-out>
    <![CDATA[demo7]]>
  </system-out>
  <testcase classname="testNG.Prioritizing_TestScripts" name="demo5" time="0.001"/>
  <system-out>
    <![CDATA[demo5]]>
  </system-out>
  <testcase classname="testNG.Prioritizing_TestScripts" name="demo4" time="0.005"/>
  <system-out>
    <![CDATA[demo4]]>
  </system-out>
  <testcase classname="testNG.Prioritizing_TestScripts" name="demo3" time="0.004"/>
  <system-out>
    <![CDATA[demo3]]>
  </system-out>
  <testcase classname="testNG.Prioritizing_TestScripts" name="demo2" time="0.000"/>
  <system-out>
    <![CDATA[demo2]]>
  </system-out>
  <testcase classname="testNG.Prioritizing_TestScripts" name="demo1" time="0.002"/>
  <system-out>
    <![CDATA[demo1]]>
  </system-out>
  <testcase classname="testNG.Prioritizing_TestScripts" name="demo6" time="0.001"/>
  <system-out>
    <![CDATA[demo6]]>
  </system-out>
</testsuite> <!-- testNG.Prioritizing_TestScripts -->
