<?xml version="1.0" encoding="UTF-8"?>
<!-- Generated by org.testng.reporters.JUnitReportReporter -->
<testsuite hostname="NanduNikki" failures="0" tests="3" name="testNG.Dependency_Between_TestScript" time="0.006" errors="0" timestamp="2024-02-09T16:14:10 IST" skipped="0">
  <testcase classname="testNG.Dependency_Between_TestScript" name="demo2" time="0.002"/>
  <system-out>
    <![CDATA[demo2]]>
  </system-out>
  <testcase classname="testNG.Dependency_Between_TestScript" name="demo3" time="0.001"/>
  <system-out>
    <![CDATA[demo3]]>
  </system-out>
  <testcase classname="testNG.Dependency_Between_TestScript" name="demo1" time="0.003"/>
  <system-out>
    <![CDATA[demo1]]>
  </system-out>
</testsuite> <!-- testNG.Dependency_Between_TestScript -->
