<?xml version="1.0" encoding="UTF-8"?>
<!-- Generated by org.testng.reporters.JUnitReportReporter -->
<testsuite hostname="NanduNikki" failures="0" tests="1" name="groupExecution.TestClass3" time="0.001" errors="0" timestamp="2024-02-09T16:15:49 IST" skipped="0">
  <testcase classname="groupExecution.TestClass3" name="demo2" time="0.001"/>
  <system-out/>
</testsuite> <!-- groupExecution.TestClass3 -->
